01:14:23 200
01:14:26 200
01:14:28 200
01:14:30 200
01:14:32 200
01:14:33 200
01:14:35 200
01:14:37 200
01:14:39 200
01:14:41 200
01:14:42 200
01:14:44 200
01:14:46 200
01:14:48 200
01:14:49 200
01:14:51 200
01:14:53 200
01:14:54 200
01:14:57 200
01:14:58 200
01:15:00 200
01:15:02 200
01:15:04 200
01:15:05 200
01:15:07 200
01:15:09 200
01:15:11 200
01:15:12 200
01:15:14 200
01:15:16 200
01:15:18 200
01:15:20 200
01:15:21 200
01:15:23 200
01:15:25 200
01:15:26 200
01:15:28 200
01:15:30 200
01:15:31 200
01:15:33 200
01:15:35 200
01:15:37 200
01:15:39 200
01:15:40 200
01:15:42 200
01:15:44 200
01:15:46 200
01:15:47 200
01:15:49 200
01:15:51 200
01:15:53 200
01:15:55 200
01:15:56 200
01:15:58 200
01:16:00 200
01:16:02 200
01:16:04 200
01:16:05 200
01:16:07 200
01:16:09 200
01:16:11 200
01:16:12 200
01:16:14 200
01:16:16 200
01:16:18 200
01:16:19 200
01:16:21 200
01:16:23 200
01:16:25 200
01:16:27 200
01:16:28 200
01:16:30 200
01:16:32 200
01:16:34 200
01:16:36 200
01:16:38 200
01:16:40 200
01:16:41 200
01:16:43 200
01:16:45 200
01:16:46 200
01:16:48 200
01:16:50 200
01:16:52 200
01:16:54 200
01:16:56 200
01:16:58 200
01:16:59 200
01:17:01 200
01:17:03 200
01:17:05 200
01:17:06 200
01:17:08 200
01:17:10 200
01:17:12 200
01:17:14 200
01:17:15 200
01:17:17 200
01:17:19 200
01:17:21 200
01:17:23 200
01:17:25 200
01:17:27 200
01:17:29 200
01:17:31 200
01:17:32 200
01:17:34 200
01:17:36 200
01:17:38 200
01:17:40 200
01:17:42 200
01:17:43 200
01:17:45 200
01:17:47 200
01:17:49 200
01:17:51 200
01:17:53 200
01:17:54 200
01:17:56 200
01:17:58 200
01:18:00 200
01:18:02 200
01:18:04 200
01:18:05 200
01:18:07 200
01:18:09 200
01:18:11 200
01:18:13 200
01:18:14 200
01:18:16 200
01:18:18 200
01:18:20 200
01:18:21 200
01:18:23 200
01:18:25 200
01:18:27 200
01:18:29 200
01:18:30 200
01:18:32 200
01:18:34 200
01:18:36 200
01:18:38 200
01:18:40 200
01:18:41 200
01:18:43 200
01:18:45 200
01:18:47 200
01:18:48 200
01:18:50 200
01:18:52 200
01:18:54 200
01:18:55 200
01:18:57 200
01:18:58 200
01:19:00 200
01:19:02 200
01:19:03 200
01:19:05 200
01:19:07 200
01:19:09 200
01:19:11 200
01:19:12 200
01:19:14 200
01:19:16 200
01:19:18 200
01:19:20 200
01:19:22 200
