00:50:41 200
00:50:42 200
00:50:43 200
00:50:44 200
00:50:45 200
00:50:46 200
00:50:47 200
00:50:48 200
00:50:50 200
00:50:51 200
00:50:52 200
00:50:53 200
00:50:55 200
00:50:56 200
00:50:57 200
00:50:58 200
00:51:00 200
00:51:01 200
00:51:02 200
00:51:03 200
00:51:04 200
00:51:06 200
00:51:07 200
00:51:08 200
00:51:09 200
00:51:11 200
00:51:12 200
00:51:13 200
00:51:14 200
00:51:15 200
00:51:17 200
00:51:18 200
00:51:19 200
00:51:20 200
00:51:22 200
00:51:23 200
00:51:24 200
00:51:25 200
00:51:26 200
00:51:27 200
